Arguments: 
  /usr/local/bin/node /Users/ppyonki/.yarn/bin/yarn.js install

PATH: 
  /Users/ppyonki/.yarn/bin:/Users/ppyonki/.config/yarn/global/node_modules/.bin:/usr/local/bin:/usr/bin:/bin:/usr/sbin:/sbin:/Library/Apple/usr/bin:/Users/ppyonki/.yarn/bin:/Users/ppyonki/.config/yarn/global/node_modules/.bin:/Users/ppyonki/Android/android-sdk-macosx/platform-tools/:/Users/ppyonki/Android/android-sdk-macosx/platform-tools/

Yarn version: 
  1.22.5

Node version: 
  14.17.0

Platform: 
  darwin x64

Trace: 
  SyntaxError: /Users/ppyonki/Projects/react-native test/rn-test/package.json: Unexpected token / in JSON at position 853
      at JSON.parse (<anonymous>)
      at /Users/ppyonki/.yarn/lib/cli.js:1625:59
      at Generator.next (<anonymous>)
      at step (/Users/ppyonki/.yarn/lib/cli.js:310:30)
      at /Users/ppyonki/.yarn/lib/cli.js:321:13

npm manifest: 
  {
    "main": "node_modules/expo/AppEntry.js",
    "scripts": {
      "start": "expo start",
      "android": "expo start --android",
      "ios": "expo start --ios",
      "web": "expo start --web",
      "eject": "expo eject"
    },
    "dependencies": {
      "@react-native-async-storage/async-storage": "~1.15.0",
      "expo": "~42.0.1",
      "expo-constants": "~11.0.1",
      "expo-facebook": "~11.3.1",
      "expo-notifications": "~0.12.3",
      "expo-permissions": "~12.1.1",
      "expo-status-bar": "~1.0.4",
      "react": "16.13.1",
      "react-dom": "16.13.1",
      "react-native": "https://github.com/expo/react-native/archive/sdk-42.0.0.tar.gz",
      "react-native-maps": "0.28.0",
      "react-native-screens": "~3.4.0",
      "react-native-svg": "12.1.1",
      "react-native-web": "~0.13.12"
    },
    "devDependencies": {
      "@babel/core": "~7.9.0"
    },
    "private": true
  }
  // @babel/runtime, 
  // @react-navigation/native,
  //  @react-navigation/native-stack,
  //   expo-google-app-auth, 
  //   native-base, 
  //   react-native-geocoder, 
  //   react-native-image-viewing, 
  //   react-native-video, 
  //   react-redux, 
  //   redux, 
  //   redux-persist, 
  //   styled-components, 
  //   styled-system,
  //   watchman, 
  //   yarn

yarn manifest: 
  No manifest

Lockfile: 
  No lockfile
